<?xml version="1.0" encoding="UTF-8"?>
<!-- Generated by org.testng.reporters.JUnitReportReporter -->
<testsuite hostname="LAPTOP-IDFKKK1S" failures="0" tests="3" name="testcases.SimplilearnLoginTest" time="37.332" errors="0" timestamp="2022-09-17T10:19:50 IST" skipped="0">
  <testcase classname="testcases.SimplilearnLoginTest" name="Test2" time="13.013"/>
  <system-out/>
  <testcase classname="testcases.SimplilearnLoginTest" name="Test1" time="13.089"/>
  <system-out/>
  <testcase classname="testcases.SimplilearnLoginTest" name="Test3" time="11.230"/>
  <system-out/>
</testsuite> <!-- testcases.SimplilearnLoginTest -->
