<?xml version="1.0" encoding="UTF-8"?>
<!-- Generated by org.testng.reporters.JUnitReportReporter -->
<testsuite hostname="LAPTOP-IDFKKK1S" failures="0" tests="1" name="testcases.HomeTest" time="8.894" errors="0" timestamp="2022-09-16T23:38:47 IST" skipped="0">
  <testcase classname="testcases.HomeTest" name="test1" time="8.894"/>
  <system-out/>
</testsuite> <!-- testcases.HomeTest -->
