<?xml version="1.0" encoding="UTF-8"?>
<!-- Generated by org.testng.reporters.JUnitReportReporter -->
<testsuite hostname="LAPTOP-IDFKKK1S" failures="0" tests="1" name="testcases.HomeTest" time="8.455" errors="0" timestamp="17 Sep 2022 04:32:57 GMT" skipped="0">
  <testcase classname="testcases.HomeTest" name="test1" time="8.455"/>
</testsuite> <!-- testcases.HomeTest -->
