<?xml version="1.0" encoding="UTF-8"?>
<!-- Generated by org.testng.reporters.JUnitReportReporter -->
<testsuite skipped="0" hostname="LAPTOP-IDFKKK1S" name="testcases.SimplilearnLoginTest" tests="2" failures="0" timestamp="2022-09-10T12:58:25 IST" time="39.628" errors="0">
  <testcase name="Test1" time="19.835" classname="testcases.SimplilearnLoginTest"/>
  <system-out/>
  <testcase name="Test2" time="19.793" classname="testcases.SimplilearnLoginTest"/>
  <system-out/>
</testsuite> <!-- testcases.SimplilearnLoginTest -->
