<?xml version="1.0" encoding="UTF-8"?>
<!-- Generated by org.testng.reporters.JUnitReportReporter -->
<testsuite skipped="0" hostname="LAPTOP-IDFKKK1S" name="testcases.HomeTest" tests="1" failures="0" timestamp="2022-09-10T12:58:25 IST" time="12.082" errors="0">
  <testcase name="test1" time="12.082" classname="testcases.HomeTest"/>
  <system-out/>
</testsuite> <!-- testcases.HomeTest -->
