<?xml version="1.0" encoding="UTF-8"?>
<!-- Generated by org.testng.reporters.JUnitReportReporter -->
<testsuite skipped="0" hostname="LAPTOP-IDFKKK1S" name="testcases.SimplilearnLoginTest" tests="3" failures="0" timestamp="2022-09-18T12:07:11 IST" time="40.918" errors="0">
  <testcase name="Test1" time="14.154" classname="testcases.SimplilearnLoginTest"/>
  <system-out/>
  <testcase name="Test3" time="13.604" classname="testcases.SimplilearnLoginTest"/>
  <system-out/>
  <testcase name="Test2" time="13.160" classname="testcases.SimplilearnLoginTest"/>
  <system-out/>
</testsuite> <!-- testcases.SimplilearnLoginTest -->
